app/build/intermediates/manifest_merge_blame_file/release/manifest-merger-blame-release-report.txt
1<?xml version="1.0" encoding="utf-8"?>
2<manifest xmlns:android="http://schemas.android.com/apk/res/android"
3    package="kz.topsecurity.client"
4    android:versionCode="26"
5    android:versionName="2.5" >
6
7    <uses-sdk
8        android:minSdkVersion="16"
8-->src\main\AndroidManifest.xml
9        android:targetSdkVersion="28" />
9-->src\main\AndroidManifest.xml
10
11    <uses-permission android:name="android.permission.READ_EXTERNAL_STORAGE" />
11-->src\main\AndroidManifest.xml:6:5-80
11-->src\main\AndroidManifest.xml:6:22-77
12    <uses-permission android:name="android.permission.READ_PHONE_STATE" />
12-->src\main\AndroidManifest.xml:7:5-75
12-->src\main\AndroidManifest.xml:7:22-72
13    <uses-permission android:name="android.permission.WRITE_EXTERNAL_STORAGE" />
13-->src\main\AndroidManifest.xml:8:5-81
13-->src\main\AndroidManifest.xml:8:22-78
14    <uses-permission android:name="android.permission.CAMERA" />
14-->src\main\AndroidManifest.xml:9:5-65
14-->src\main\AndroidManifest.xml:9:22-62
15    <uses-permission android:name="android.permission.INTERNET" />
15-->src\main\AndroidManifest.xml:10:5-67
15-->src\main\AndroidManifest.xml:10:22-64
16    <uses-permission android:name="android.permission.ACCESS_FINE_LOCATION" />
16-->src\main\AndroidManifest.xml:11:5-79
16-->src\main\AndroidManifest.xml:11:22-76
17    <uses-permission android:name="android.permission.ACCESS_COARSE_LOCATION" />
17-->src\main\AndroidManifest.xml:12:5-81
17-->src\main\AndroidManifest.xml:12:22-78
18    <uses-permission android:name="android.permission.VIBRATE" />
18-->src\main\AndroidManifest.xml:13:5-66
18-->src\main\AndroidManifest.xml:13:22-63
19    <uses-permission android:name="android.permission.FOREGROUND_SERVICE" />
19-->src\main\AndroidManifest.xml:14:5-77
19-->src\main\AndroidManifest.xml:14:22-74
20    <uses-permission android:name="android.permission.WAKE_LOCK" />
20-->[net.gotev:uploadservice:3.4.2] AndroidManifest.xml:14:5-68
20-->[net.gotev:uploadservice:3.4.2] AndroidManifest.xml:14:22-65
21    <uses-permission android:name="android.permission.ACCESS_WIFI_STATE" /> <!-- Include required permissions for Google Maps API to run. -->
21-->[com.google.android.libraries.places:places:1.0.0] AndroidManifest.xml:10:5-76
21-->[com.google.android.libraries.places:places:1.0.0] AndroidManifest.xml:10:22-73
22    <uses-permission android:name="android.permission.ACCESS_NETWORK_STATE" />
22-->[com.google.android.gms:play-services-maps:16.0.0] AndroidManifest.xml:23:5-79
22-->[com.google.android.gms:play-services-maps:16.0.0] AndroidManifest.xml:23:22-76
23
24    <uses-feature
24-->[com.google.android.gms:play-services-maps:16.0.0] AndroidManifest.xml:26:5-28:35
25        android:glEsVersion="0x00020000"
25-->[com.google.android.gms:play-services-maps:16.0.0] AndroidManifest.xml:27:9-41
26        android:required="true" />
26-->[com.google.android.gms:play-services-maps:16.0.0] AndroidManifest.xml:28:9-32
27
28    <uses-permission android:name="com.google.android.finsky.permission.BIND_GET_INSTALL_REFERRER_SERVICE" /> <!-- Required by older versions of Google Play services to create IID tokens -->
28-->[com.google.firebase:firebase-analytics:16.0.4] AndroidManifest.xml:26:5-110
28-->[com.google.firebase:firebase-analytics:16.0.4] AndroidManifest.xml:26:22-107
29    <uses-permission android:name="com.google.android.c2dm.permission.RECEIVE" />
29-->[com.google.firebase:firebase-iid:17.0.3] AndroidManifest.xml:26:5-82
29-->[com.google.firebase:firebase-iid:17.0.3] AndroidManifest.xml:26:22-79
30
31    <application
31-->src\main\AndroidManifest.xml:16:5-204:19
32        android:name="kz.topsecurity.client.application.TopSecurityClientApplication"
32-->src\main\AndroidManifest.xml:17:9-65
33        android:allowBackup="true"
33-->src\main\AndroidManifest.xml:18:9-35
34        android:appComponentFactory="android.support.v4.app.CoreComponentFactory"
34-->[com.android.support:support-compat:28.0.0] AndroidManifest.xml:22:18-91
35        android:fullBackupContent="false"
35-->src\main\AndroidManifest.xml:19:9-42
36        android:icon="@mipmap/ic_launcher"
36-->src\main\AndroidManifest.xml:20:9-43
37        android:label="@string/app_name"
37-->src\main\AndroidManifest.xml:21:9-41
38        android:roundIcon="@mipmap/ic_launcher_round"
38-->src\main\AndroidManifest.xml:22:9-54
39        android:supportsRtl="true"
39-->src\main\AndroidManifest.xml:23:9-35
40        android:theme="@style/AppTheme"
40-->src\main\AndroidManifest.xml:24:9-40
41        android:usesCleartextTraffic="true" >
41-->src\main\AndroidManifest.xml:25:9-44
42        <activity
42-->src\main\AndroidManifest.xml:27:9-30:59
43            android:name="kz.topsecurity.client.domain.pincodeScreen.PinCodeActivity"
43-->src\main\AndroidManifest.xml:27:19-71
44            android:launchMode="singleTop"
44-->src\main\AndroidManifest.xml:28:13-43
45            android:screenOrientation="portrait"
45-->src\main\AndroidManifest.xml:29:13-49
46            android:theme="@style/AppTheme.NoActionBar" />
46-->src\main\AndroidManifest.xml:30:13-56
47
48        <meta-data
48-->src\main\AndroidManifest.xml:32:9-34:69
49            android:name="com.google.android.gms.version"
49-->src\main\AndroidManifest.xml:33:13-58
50            android:value="@integer/google_play_services_version" />
50-->src\main\AndroidManifest.xml:34:13-66
51
52        <activity
52-->src\main\AndroidManifest.xml:36:9-42:50
53            android:name="kz.topsecurity.client.domain.MainScreen.MainActivityNew"
53-->src\main\AndroidManifest.xml:37:13-62
54            android:launchMode="singleTop"
54-->src\main\AndroidManifest.xml:38:13-43
55            android:screenOrientation="portrait"
55-->src\main\AndroidManifest.xml:39:13-49
56            android:theme="@style/AppTheme.NoActionBar"
56-->src\main\AndroidManifest.xml:40:13-56
57            android:windowSoftInputMode="adjustPan" />
57-->src\main\AndroidManifest.xml:41:13-52
58        <activity
58-->src\main\AndroidManifest.xml:43:9-48:59
59            android:name="kz.topsecurity.client.domain.MainScreen.AlertActivity"
59-->src\main\AndroidManifest.xml:44:13-60
60            android:label="Тревога"
60-->src\main\AndroidManifest.xml:45:13-36
61            android:launchMode="singleTop"
61-->src\main\AndroidManifest.xml:46:13-43
62            android:screenOrientation="portrait"
62-->src\main\AndroidManifest.xml:47:13-49
63            android:theme="@style/AppTheme.NoActionBar" />
63-->src\main\AndroidManifest.xml:48:13-56
64
65        <uses-library
65-->src\main\AndroidManifest.xml:50:9-52:40
66            android:name="org.apache.http.legacy"
66-->src\main\AndroidManifest.xml:51:13-50
67            android:required="false" />
67-->src\main\AndroidManifest.xml:52:13-37
68
69        <meta-data
69-->src\main\AndroidManifest.xml:54:9-56:72
70            android:name="io.fabric.ApiKey"
70-->src\main\AndroidManifest.xml:55:13-44
71            android:value="d7efdc006c378252d5af49194b71cf9c714de39e" />
71-->src\main\AndroidManifest.xml:56:13-69
72        <meta-data
72-->src\main\AndroidManifest.xml:57:9-59:36
73            android:name="com.google.firebase.ml.vision.DEPENDENCIES"
73-->src\main\AndroidManifest.xml:58:13-70
74            android:value="face" />
74-->src\main\AndroidManifest.xml:59:13-33
75
76        <service
76-->src\main\AndroidManifest.xml:61:9-73:19
77            android:name="kz.topsecurity.client.service.trackingService.volumeService.VolumeService"
77-->src\main\AndroidManifest.xml:62:13-80
78            android:enabled="true"
78-->src\main\AndroidManifest.xml:63:13-35
79            android:exported="true"
79-->src\main\AndroidManifest.xml:64:13-36
80            android:permission="android.permission.BIND_ACCESSIBILITY_SERVICE" >
80-->src\main\AndroidManifest.xml:65:13-79
81            <intent-filter>
81-->src\main\AndroidManifest.xml:66:13-68:29
82                <action android:name="android.accessibilityservice.AccessibilityService" />
82-->src\main\AndroidManifest.xml:67:17-92
82-->src\main\AndroidManifest.xml:67:25-89
83            </intent-filter>
84
85            <meta-data
85-->src\main\AndroidManifest.xml:70:13-72:57
86                android:name="android.accessibilityservice"
86-->src\main\AndroidManifest.xml:71:17-60
87                android:resource="@xml/serviceconfig" />
87-->src\main\AndroidManifest.xml:72:17-54
88        </service>
89        <service android:name="kz.topsecurity.client.service.firebaseMessagingService.MyFirebaseMessagingService" >
89-->src\main\AndroidManifest.xml:74:9-78:19
89-->src\main\AndroidManifest.xml:74:18-93
90            <intent-filter>
90-->src\main\AndroidManifest.xml:75:13-77:29
91                <action android:name="com.google.firebase.MESSAGING_EVENT" />
91-->src\main\AndroidManifest.xml:76:17-78
91-->src\main\AndroidManifest.xml:76:25-75
92            </intent-filter>
93        </service>
94        <service android:name="kz.topsecurity.client.service.firebaseMessagingService.FirebaseInstanceIDService" >
94-->src\main\AndroidManifest.xml:79:9-83:19
94-->src\main\AndroidManifest.xml:79:18-92
95            <intent-filter>
95-->src\main\AndroidManifest.xml:80:13-82:29
96                <action android:name="com.google.firebase.INSTANCE_ID_EVENT" />
96-->src\main\AndroidManifest.xml:81:17-80
96-->src\main\AndroidManifest.xml:81:25-77
97            </intent-filter>
98        </service> <!-- PREVENT INSTANCE ID AUTO GENERATION. see : https://firebase.google.com/docs/cloud-messaging/android/client -->
99        <!-- START -->
100        <!-- <meta-data android:name="firebase_messaging_auto_init_enabled" -->
101        <!-- android:value="false" /> -->
102        <!-- <meta-data android:name="firebase_analytics_collection_enabled" -->
103        <!-- android:value="false" /> -->
104        <!-- END -->
105        <service
105-->src\main\AndroidManifest.xml:90:9-96:19
106            android:name="kz.topsecurity.client.service.firebaseMessagingService.FireBaseJobService"
106-->src\main\AndroidManifest.xml:91:13-80
107            android:exported="false" >
107-->src\main\AndroidManifest.xml:92:13-37
108            <intent-filter>
108-->src\main\AndroidManifest.xml:93:13-95:29
109                <action android:name="com.firebase.jobdispatcher.ACTION_EXECUTE" />
109-->src\main\AndroidManifest.xml:94:17-84
109-->src\main\AndroidManifest.xml:94:25-81
110            </intent-filter>
111        </service> <!-- <service -->
112        <!-- android:name="mad.location.manager.lib.Services.KalmanLocationService" -->
113        <!-- android:enabled="true" -->
114        <!-- android:exported="false" -->
115        <!-- android:stopWithTask="false" /> -->
116        <!-- <meta-data android:name="net.hockeyapp.android.appIdentifier" android:value="${HOCKEYAPP_APP_ID}" /> -->
117        <activity
117-->src\main\AndroidManifest.xml:102:9-111:20
118            android:name="kz.topsecurity.client.domain.SplashScreen.SplashScreen"
118-->src\main\AndroidManifest.xml:103:13-61
119            android:screenOrientation="portrait"
119-->src\main\AndroidManifest.xml:104:13-49
120            android:theme="@style/SplashScreenTheme" >
120-->src\main\AndroidManifest.xml:105:13-53
121            <intent-filter>
121-->src\main\AndroidManifest.xml:106:13-110:29
122                <action android:name="android.intent.action.MAIN" />
122-->src\main\AndroidManifest.xml:107:17-69
122-->src\main\AndroidManifest.xml:107:25-66
123
124                <category android:name="android.intent.category.LAUNCHER" />
124-->src\main\AndroidManifest.xml:109:17-77
124-->src\main\AndroidManifest.xml:109:27-74
125            </intent-filter>
126        </activity>
127        <activity
127-->src\main\AndroidManifest.xml:112:9-117:59
128            android:name="kz.topsecurity.client.domain.StartScreen.StartActivity"
128-->src\main\AndroidManifest.xml:113:13-61
129            android:label="@string/title_activity_splash_screen"
129-->src\main\AndroidManifest.xml:114:13-65
130            android:launchMode="singleTop"
130-->src\main\AndroidManifest.xml:115:13-43
131            android:screenOrientation="portrait"
131-->src\main\AndroidManifest.xml:116:13-49
132            android:theme="@style/AppTheme.NoActionBar" />
132-->src\main\AndroidManifest.xml:117:13-56
133        <activity
133-->src\main\AndroidManifest.xml:119:9-123:59
134            android:name="kz.topsecurity.client.domain.ProfileScreen.ProfileActivity"
134-->src\main\AndroidManifest.xml:120:13-65
135            android:label="@string/title_activity_profile"
135-->src\main\AndroidManifest.xml:121:13-59
136            android:screenOrientation="portrait"
136-->src\main\AndroidManifest.xml:122:13-49
137            android:theme="@style/AppTheme.NoActionBar" />
137-->src\main\AndroidManifest.xml:123:13-56
138
139        <service
139-->src\main\AndroidManifest.xml:125:9-127:38
140            android:name="kz.topsecurity.client.service.trackingService.TrackingService"
140-->src\main\AndroidManifest.xml:126:13-68
141            android:enabled="true" />
141-->src\main\AndroidManifest.xml:127:13-35
142
143        <receiver android:name="kz.topsecurity.client.service.trackingService.listenerImpl.PowerConnectionReceiver" />
143-->src\main\AndroidManifest.xml:129:9-98
143-->src\main\AndroidManifest.xml:129:19-95
144        <receiver
144-->src\main\AndroidManifest.xml:130:9-138:20
145            android:name="kz.topsecurity.client.service.trackingService.listenerImpl.TrackingServiceRestarterBroadcastReceiver"
145-->src\main\AndroidManifest.xml:131:13-107
146            android:enabled="true"
146-->src\main\AndroidManifest.xml:132:13-35
147            android:exported="true"
147-->src\main\AndroidManifest.xml:133:13-36
148            android:label="RestartTrackerServiceWhenStopped" >
148-->src\main\AndroidManifest.xml:134:13-61
149            <intent-filter>
149-->src\main\AndroidManifest.xml:135:13-137:29
150                <action android:name=".RestartTrackingService" />
150-->src\main\AndroidManifest.xml:136:17-66
150-->src\main\AndroidManifest.xml:136:25-63
151            </intent-filter>
152        </receiver>
153        <receiver android:name="kz.topsecurity.client.service.trackingService.listenerImpl.VolumeServiceReceiver" >
153-->src\main\AndroidManifest.xml:139:9-144:20
153-->src\main\AndroidManifest.xml:139:19-93
154
155            <!-- <intent-filter> -->
156            <!-- <action android:name="kz.topsecurity.client.service.trackingService.volumeService.VolumeServiceActionBroadcast" /> -->
157            <!-- </intent-filter> -->
158        </receiver>
159
160        <activity
160-->src\main\AndroidManifest.xml:146:9-150:59
161            android:name="kz.topsecurity.client.domain.PlaceScreen.PlaceActivity"
161-->src\main\AndroidManifest.xml:147:13-61
162            android:label="@string/title_activity_place"
162-->src\main\AndroidManifest.xml:148:13-57
163            android:screenOrientation="portrait"
163-->src\main\AndroidManifest.xml:149:13-49
164            android:theme="@style/AppTheme.NoActionBar" />
164-->src\main\AndroidManifest.xml:150:13-56
165        <!--
166             The API key for Google Maps-based APIs is defined as a string resource.
167             (See the file "res/values/google_maps_api.xml").
168             Note that the API key is linked to the encryption key used to sign the APK.
169             You need a different API key for each encryption key, including the release key that is used to
170             sign the APK for publishing.
171             You can define the keys for the debug and release targets in src/debug/ and src/release/. 
172        -->
173        <meta-data
173-->src\main\AndroidManifest.xml:159:9-161:55
174            android:name="com.google.android.geo.API_KEY"
174-->src\main\AndroidManifest.xml:160:13-58
175            android:value="@string/google_maps_key" />
175-->src\main\AndroidManifest.xml:161:13-52
176
177        <activity
177-->src\main\AndroidManifest.xml:163:9-167:59
178            android:name="kz.topsecurity.client.domain.ProfileScreen.CropPhotoScreen.CropPictureActivity"
178-->src\main\AndroidManifest.xml:164:13-85
179            android:label="@string/title_activity_crop_picture_activiry"
179-->src\main\AndroidManifest.xml:165:13-73
180            android:screenOrientation="portrait"
180-->src\main\AndroidManifest.xml:166:13-49
181            android:theme="@style/AppTheme.NoActionBar" />
181-->src\main\AndroidManifest.xml:167:13-56
182        <activity
182-->src\main\AndroidManifest.xml:169:9-172:59
183            android:name="kz.topsecurity.client.domain.RestorePasswordScreen.RestorePasswordActivity"
183-->src\main\AndroidManifest.xml:170:13-81
184            android:label="@string/title_activity_restore_password"
184-->src\main\AndroidManifest.xml:171:13-68
185            android:theme="@style/AppTheme.NoActionBar" />
185-->src\main\AndroidManifest.xml:172:13-56
186        <activity
186-->src\main\AndroidManifest.xml:174:9-177:59
187            android:name="kz.topsecurity.client.domain.RestorePasswordScreen.additional.ChangePasswordActivity"
187-->src\main\AndroidManifest.xml:175:13-91
188            android:label="@string/title_activity_change_password"
188-->src\main\AndroidManifest.xml:176:13-67
189            android:theme="@style/AppTheme.NoActionBar" />
189-->src\main\AndroidManifest.xml:177:13-56
190        <activity
190-->src\main\AndroidManifest.xml:179:9-182:59
191            android:name="kz.topsecurity.client.domain.InputCodeScreen.SmsCodeActivity"
191-->src\main\AndroidManifest.xml:180:13-67
192            android:label="@string/title_activity_sms_code"
192-->src\main\AndroidManifest.xml:181:13-60
193            android:theme="@style/AppTheme.NoActionBar" />
193-->src\main\AndroidManifest.xml:182:13-56
194        <activity
194-->src\main\AndroidManifest.xml:184:9-188:59
195            android:name="kz.topsecurity.client.domain.PaymentScreen.PaymentActivity"
195-->src\main\AndroidManifest.xml:185:13-65
196            android:label="@string/title_activity_payment"
196-->src\main\AndroidManifest.xml:186:13-59
197            android:parentActivityName="kz.topsecurity.client.domain.MainScreen.AlertActivity"
197-->src\main\AndroidManifest.xml:187:13-74
198            android:theme="@style/AppTheme.NoActionBar" />
198-->src\main\AndroidManifest.xml:188:13-56
199        <activity
199-->src\main\AndroidManifest.xml:190:9-193:59
200            android:name="kz.topsecurity.client.domain.AlertHistoryScreen.AlertHistoryActivity"
200-->src\main\AndroidManifest.xml:191:13-75
201            android:label="@string/title_activity_alert_history"
201-->src\main\AndroidManifest.xml:192:13-65
202            android:theme="@style/AppTheme.NoActionBar" />
202-->src\main\AndroidManifest.xml:193:13-56
203        <activity
203-->src\main\AndroidManifest.xml:195:9-197:59
204            android:name="kz.topsecurity.client.domain.RegisterScreen.SignUpActivity"
204-->src\main\AndroidManifest.xml:196:13-65
205            android:theme="@style/AppTheme.NoActionBar" />
205-->src\main\AndroidManifest.xml:197:13-56
206        <activity
206-->src\main\AndroidManifest.xml:199:9-202:59
207            android:name="kz.topsecurity.client.domain.RegisterScreen.InfoActivity"
207-->src\main\AndroidManifest.xml:200:13-63
208            android:label="Info"
208-->src\main\AndroidManifest.xml:201:13-33
209            android:theme="@style/AppTheme.NoActionBar" />
209-->src\main\AndroidManifest.xml:202:13-56
210
211        <service
211-->[net.gotev:uploadservice:3.4.2] AndroidManifest.xml:17:9-21:19
212            android:name="net.gotev.uploadservice.UploadService"
212-->[net.gotev:uploadservice:3.4.2] AndroidManifest.xml:18:13-65
213            android:enabled="true"
213-->[net.gotev:uploadservice:3.4.2] AndroidManifest.xml:19:13-35
214            android:exported="false" >
214-->[net.gotev:uploadservice:3.4.2] AndroidManifest.xml:20:13-37
215        </service> <!-- Autocomplete -->
216        <activity
216-->[com.google.android.libraries.places:places:1.0.0] AndroidManifest.xml:16:9-23:20
217            android:name="com.google.android.libraries.places.widget.AutocompleteActivity"
217-->[com.google.android.libraries.places:places:1.0.0] AndroidManifest.xml:17:13-91
218            android:exported="false"
218-->[com.google.android.libraries.places:places:1.0.0] AndroidManifest.xml:18:13-37
219            android:hardwareAccelerated="true"
219-->[com.google.android.libraries.places:places:1.0.0] AndroidManifest.xml:19:13-47
220            android:label="@string/places_autocomplete_label"
220-->[com.google.android.libraries.places:places:1.0.0] AndroidManifest.xml:20:13-62
221            android:theme="@style/PlacesAutocompleteThemeOverlay"
221-->[com.google.android.libraries.places:places:1.0.0] AndroidManifest.xml:21:13-66
222            android:windowSoftInputMode="stateAlwaysVisible|adjustPan" >
222-->[com.google.android.libraries.places:places:1.0.0] AndroidManifest.xml:22:13-71
223        </activity>
224        <!--
225             FirebaseMessagingService performs security checks at runtime,
226             no need for explicit permissions despite exported="true"
227        -->
228        <service
228-->[com.google.firebase:firebase-messaging:17.3.3] AndroidManifest.xml:28:9-34:19
229            android:name="com.google.firebase.messaging.FirebaseMessagingService"
229-->[com.google.firebase:firebase-messaging:17.3.3] AndroidManifest.xml:29:13-82
230            android:exported="true" >
230-->[com.google.firebase:firebase-messaging:17.3.3] AndroidManifest.xml:30:13-36
231            <intent-filter android:priority="-500" >
231-->src\main\AndroidManifest.xml:75:13-77:29
232                <action android:name="com.google.firebase.MESSAGING_EVENT" />
232-->src\main\AndroidManifest.xml:76:17-78
232-->src\main\AndroidManifest.xml:76:25-75
233            </intent-filter>
234        </service>
235        <service
235-->[com.google.firebase:firebase-crash:16.2.1] AndroidManifest.xml:25:9-29:19
236            android:name="com.google.firebase.components.ComponentDiscoveryService"
236-->[com.google.firebase:firebase-crash:16.2.1] AndroidManifest.xml:25:18-89
237            android:exported="false" >
237-->[com.google.firebase:firebase-iid:17.0.3] AndroidManifest.xml:31:13-37
238            <meta-data
238-->[com.google.firebase:firebase-crash:16.2.1] AndroidManifest.xml:26:13-28:85
239                android:name="com.google.firebase.components:com.google.firebase.crash.component.FirebaseCrashRegistrar"
239-->[com.google.firebase:firebase-crash:16.2.1] AndroidManifest.xml:27:17-121
240                android:value="com.google.firebase.components.ComponentRegistrar" />
240-->[com.google.firebase:firebase-crash:16.2.1] AndroidManifest.xml:28:17-82
241            <meta-data
241-->[com.google.firebase:firebase-measurement-connector-impl:17.0.2] AndroidManifest.xml:28:13-30:85
242                android:name="com.google.firebase.components:com.google.firebase.analytics.connector.internal.AnalyticsConnectorRegistrar"
242-->[com.google.firebase:firebase-measurement-connector-impl:17.0.2] AndroidManifest.xml:29:17-139
243                android:value="com.google.firebase.components.ComponentRegistrar" />
243-->[com.google.firebase:firebase-measurement-connector-impl:17.0.2] AndroidManifest.xml:30:17-82
244            <meta-data
244-->[com.google.firebase:firebase-iid:17.0.3] AndroidManifest.xml:32:13-34:85
245                android:name="com.google.firebase.components:com.google.firebase.iid.Registrar"
245-->[com.google.firebase:firebase-iid:17.0.3] AndroidManifest.xml:33:17-96
246                android:value="com.google.firebase.components.ComponentRegistrar" />
246-->[com.google.firebase:firebase-iid:17.0.3] AndroidManifest.xml:34:17-82
247        </service>
248
249        <receiver
249-->[com.google.firebase:firebase-analytics:16.0.4] AndroidManifest.xml:29:9-33:20
250            android:name="com.google.android.gms.measurement.AppMeasurementReceiver"
250-->[com.google.firebase:firebase-analytics:16.0.4] AndroidManifest.xml:30:13-85
251            android:enabled="true"
251-->[com.google.firebase:firebase-analytics:16.0.4] AndroidManifest.xml:31:13-35
252            android:exported="false" >
252-->[com.google.firebase:firebase-analytics:16.0.4] AndroidManifest.xml:32:13-37
253        </receiver>
254        <receiver
254-->[com.google.firebase:firebase-analytics:16.0.4] AndroidManifest.xml:34:9-42:20
255            android:name="com.google.android.gms.measurement.AppMeasurementInstallReferrerReceiver"
255-->[com.google.firebase:firebase-analytics:16.0.4] AndroidManifest.xml:35:13-100
256            android:enabled="true"
256-->[com.google.firebase:firebase-analytics:16.0.4] AndroidManifest.xml:36:13-35
257            android:exported="true"
257-->[com.google.firebase:firebase-analytics:16.0.4] AndroidManifest.xml:37:13-36
258            android:permission="android.permission.INSTALL_PACKAGES" >
258-->[com.google.firebase:firebase-analytics:16.0.4] AndroidManifest.xml:38:13-69
259            <intent-filter>
259-->[com.google.firebase:firebase-analytics:16.0.4] AndroidManifest.xml:39:13-41:29
260                <action android:name="com.android.vending.INSTALL_REFERRER" />
260-->[com.google.firebase:firebase-analytics:16.0.4] AndroidManifest.xml:40:17-79
260-->[com.google.firebase:firebase-analytics:16.0.4] AndroidManifest.xml:40:25-76
261            </intent-filter>
262        </receiver>
263
264        <service
264-->[com.google.firebase:firebase-analytics:16.0.4] AndroidManifest.xml:44:9-47:40
265            android:name="com.google.android.gms.measurement.AppMeasurementService"
265-->[com.google.firebase:firebase-analytics:16.0.4] AndroidManifest.xml:45:13-84
266            android:enabled="true"
266-->[com.google.firebase:firebase-analytics:16.0.4] AndroidManifest.xml:46:13-35
267            android:exported="false" />
267-->[com.google.firebase:firebase-analytics:16.0.4] AndroidManifest.xml:47:13-37
268        <service
268-->[com.google.firebase:firebase-analytics:16.0.4] AndroidManifest.xml:48:9-52:72
269            android:name="com.google.android.gms.measurement.AppMeasurementJobService"
269-->[com.google.firebase:firebase-analytics:16.0.4] AndroidManifest.xml:49:13-87
270            android:enabled="true"
270-->[com.google.firebase:firebase-analytics:16.0.4] AndroidManifest.xml:50:13-35
271            android:exported="false"
271-->[com.google.firebase:firebase-analytics:16.0.4] AndroidManifest.xml:51:13-37
272            android:permission="android.permission.BIND_JOB_SERVICE" />
272-->[com.google.firebase:firebase-analytics:16.0.4] AndroidManifest.xml:52:13-69
273
274        <receiver
274-->[com.google.firebase:firebase-iid:17.0.3] AndroidManifest.xml:37:9-44:20
275            android:name="com.google.firebase.iid.FirebaseInstanceIdReceiver"
275-->[com.google.firebase:firebase-iid:17.0.3] AndroidManifest.xml:38:13-78
276            android:exported="true"
276-->[com.google.firebase:firebase-iid:17.0.3] AndroidManifest.xml:39:13-36
277            android:permission="com.google.android.c2dm.permission.SEND" >
277-->[com.google.firebase:firebase-iid:17.0.3] AndroidManifest.xml:40:13-73
278            <intent-filter>
278-->[com.google.firebase:firebase-iid:17.0.3] AndroidManifest.xml:41:13-43:29
279                <action android:name="com.google.android.c2dm.intent.RECEIVE" />
279-->[com.google.firebase:firebase-iid:17.0.3] AndroidManifest.xml:42:17-81
279-->[com.google.firebase:firebase-iid:17.0.3] AndroidManifest.xml:42:25-78
280            </intent-filter>
281        </receiver>
282        <!--
283             FirebaseInstanceIdService performs security checks at runtime,
284             no need for explicit permissions despite exported="true"
285        -->
286        <service
286-->[com.google.firebase:firebase-iid:17.0.3] AndroidManifest.xml:50:9-56:19
287            android:name="com.google.firebase.iid.FirebaseInstanceIdService"
287-->[com.google.firebase:firebase-iid:17.0.3] AndroidManifest.xml:51:13-77
288            android:exported="true" >
288-->[com.google.firebase:firebase-iid:17.0.3] AndroidManifest.xml:52:13-36
289            <intent-filter android:priority="-500" >
289-->src\main\AndroidManifest.xml:80:13-82:29
290                <action android:name="com.google.firebase.INSTANCE_ID_EVENT" />
290-->src\main\AndroidManifest.xml:81:17-80
290-->src\main\AndroidManifest.xml:81:25-77
291            </intent-filter>
292        </service>
293
294        <provider
294-->[com.google.firebase:firebase-common:16.0.3] AndroidManifest.xml:10:9-14:39
295            android:name="com.google.firebase.provider.FirebaseInitProvider"
295-->[com.google.firebase:firebase-common:16.0.3] AndroidManifest.xml:11:13-77
296            android:authorities="kz.topsecurity.client.firebaseinitprovider"
296-->[com.google.firebase:firebase-common:16.0.3] AndroidManifest.xml:12:13-72
297            android:exported="false"
297-->[com.google.firebase:firebase-common:16.0.3] AndroidManifest.xml:13:13-37
298            android:initOrder="100" />
298-->[com.google.firebase:firebase-common:16.0.3] AndroidManifest.xml:14:13-36
299
300        <activity
300-->[com.google.android.gms:play-services-base:16.1.0] AndroidManifest.xml:23:9-26:75
301            android:name="com.google.android.gms.common.api.GoogleApiActivity"
301-->[com.google.android.gms:play-services-base:16.1.0] AndroidManifest.xml:24:13-79
302            android:exported="false"
302-->[com.google.android.gms:play-services-base:16.1.0] AndroidManifest.xml:25:13-37
303            android:theme="@android:style/Theme.Translucent.NoTitleBar" />
303-->[com.google.android.gms:play-services-base:16.1.0] AndroidManifest.xml:26:13-72
304
305        <provider
305-->[android.arch.lifecycle:extensions:1.1.1] AndroidManifest.xml:23:9-27:43
306            android:name="android.arch.lifecycle.ProcessLifecycleOwnerInitializer"
306-->[android.arch.lifecycle:extensions:1.1.1] AndroidManifest.xml:24:13-83